android-app/app/build/intermediates/manifest_merge_blame_file/debug/processDebugMainManifest/manifest-merger-blame-debug-report.txt
1<?xml version="1.0" encoding="utf-8"?>
2<manifest xmlns:android="http://schemas.android.com/apk/res/android"
3    package="com.anonymous.chat"
4    android:versionCode="366"
5    android:versionName="3.6.6" >
6
7    <uses-sdk
8        android:minSdkVersion="26"
9        android:targetSdkVersion="34" />
10
11    <uses-permission android:name="android.permission.INTERNET" />
11-->src\main\AndroidManifest.xml:5:5-67
11-->src\main\AndroidManifest.xml:5:22-64
12    <uses-permission android:name="android.permission.ACCESS_NETWORK_STATE" />
12-->src\main\AndroidManifest.xml:6:5-79
12-->src\main\AndroidManifest.xml:6:22-76
13    <uses-permission android:name="android.permission.POST_NOTIFICATIONS" />
13-->src\main\AndroidManifest.xml:7:5-77
13-->src\main\AndroidManifest.xml:7:22-74
14    <uses-permission android:name="android.permission.VIBRATE" />
14-->src\main\AndroidManifest.xml:8:5-66
14-->src\main\AndroidManifest.xml:8:22-63
15    <uses-permission android:name="android.permission.WAKE_LOCK" />
15-->src\main\AndroidManifest.xml:9:5-68
15-->src\main\AndroidManifest.xml:9:22-65
16    <uses-permission android:name="android.permission.FOREGROUND_SERVICE" />
16-->src\main\AndroidManifest.xml:10:5-77
16-->src\main\AndroidManifest.xml:10:22-74
17    <uses-permission android:name="android.permission.FOREGROUND_SERVICE_DATA_SYNC" />
17-->src\main\AndroidManifest.xml:11:5-87
17-->src\main\AndroidManifest.xml:11:22-84
18    <uses-permission android:name="android.permission.REQUEST_IGNORE_BATTERY_OPTIMIZATIONS" />
18-->src\main\AndroidManifest.xml:12:5-95
18-->src\main\AndroidManifest.xml:12:22-92
19    <uses-permission
19-->src\main\AndroidManifest.xml:13:5-107
20        android:name="android.permission.READ_EXTERNAL_STORAGE"
20-->src\main\AndroidManifest.xml:13:22-77
21        android:maxSdkVersion="32" />
21-->src\main\AndroidManifest.xml:13:78-104
22    <uses-permission android:name="android.permission.READ_MEDIA_IMAGES" />
22-->src\main\AndroidManifest.xml:14:5-76
22-->src\main\AndroidManifest.xml:14:22-73
23    <uses-permission android:name="android.permission.READ_MEDIA_VIDEO" />
23-->src\main\AndroidManifest.xml:15:5-75
23-->src\main\AndroidManifest.xml:15:22-72
24    <uses-permission android:name="android.permission.READ_MEDIA_AUDIO" />
24-->src\main\AndroidManifest.xml:16:5-75
24-->src\main\AndroidManifest.xml:16:22-72
25
26    <permission
26-->[androidx.core:core:1.13.0] AndroidManifest.xml:22:5-24:47
27        android:name="com.anonymous.chat.DYNAMIC_RECEIVER_NOT_EXPORTED_PERMISSION"
27-->[androidx.core:core:1.13.0] AndroidManifest.xml:23:9-81
28        android:protectionLevel="signature" />
28-->[androidx.core:core:1.13.0] AndroidManifest.xml:24:9-44
29
30    <uses-permission android:name="com.anonymous.chat.DYNAMIC_RECEIVER_NOT_EXPORTED_PERMISSION" />
30-->[androidx.core:core:1.13.0] AndroidManifest.xml:26:5-97
30-->[androidx.core:core:1.13.0] AndroidManifest.xml:26:22-94
31
32    <application
32-->src\main\AndroidManifest.xml:18:5-81:19
33        android:name="com.anonymous.chat.AnonymousChatApp"
33-->src\main\AndroidManifest.xml:19:9-41
34        android:allowBackup="true"
34-->src\main\AndroidManifest.xml:20:9-35
35        android:appComponentFactory="androidx.core.app.CoreComponentFactory"
35-->[androidx.core:core:1.13.0] AndroidManifest.xml:28:18-86
36        android:debuggable="true"
37        android:extractNativeLibs="false"
38        android:icon="@mipmap/ic_launcher"
38-->src\main\AndroidManifest.xml:21:9-43
39        android:label="@string/app_name"
39-->src\main\AndroidManifest.xml:23:9-41
40        android:roundIcon="@mipmap/ic_launcher_round"
40-->src\main\AndroidManifest.xml:22:9-54
41        android:supportsRtl="true"
41-->src\main\AndroidManifest.xml:24:9-35
42        android:theme="@style/Theme.AnonymousChat"
42-->src\main\AndroidManifest.xml:25:9-51
43        android:usesCleartextTraffic="true" >
43-->src\main\AndroidManifest.xml:26:9-44
44
45        <!-- Background Sync Service for Realtime Notifications -->
46        <service
46-->src\main\AndroidManifest.xml:30:9-34:56
47            android:name="com.anonymous.chat.services.ChatBackgroundService"
47-->src\main\AndroidManifest.xml:31:13-59
48            android:enabled="true"
48-->src\main\AndroidManifest.xml:32:13-35
49            android:exported="false"
49-->src\main\AndroidManifest.xml:33:13-37
50            android:foregroundServiceType="dataSync" />
50-->src\main\AndroidManifest.xml:34:13-53
51
52        <!-- Auth Activity (Launcher) matching original web auth & server config -->
53        <activity
53-->src\main\AndroidManifest.xml:37:9-46:20
54            android:name="com.anonymous.chat.ui.auth.AuthActivity"
54-->src\main\AndroidManifest.xml:38:13-49
55            android:exported="true"
55-->src\main\AndroidManifest.xml:39:13-36
56            android:launchMode="singleTop"
56-->src\main\AndroidManifest.xml:40:13-43
57            android:windowSoftInputMode="adjustResize" >
57-->src\main\AndroidManifest.xml:41:13-55
58            <intent-filter>
58-->src\main\AndroidManifest.xml:42:13-45:29
59                <action android:name="android.intent.action.MAIN" />
59-->src\main\AndroidManifest.xml:43:17-69
59-->src\main\AndroidManifest.xml:43:25-66
60
61                <category android:name="android.intent.category.LAUNCHER" />
61-->src\main\AndroidManifest.xml:44:17-77
61-->src\main\AndroidManifest.xml:44:27-74
62            </intent-filter>
63        </activity>
64
65        <!-- Main Lobby Activity -->
66        <activity
66-->src\main\AndroidManifest.xml:49:9-53:58
67            android:name="com.anonymous.chat.ui.main.MainActivity"
67-->src\main\AndroidManifest.xml:50:13-49
68            android:exported="false"
68-->src\main\AndroidManifest.xml:51:13-37
69            android:launchMode="singleTask"
69-->src\main\AndroidManifest.xml:52:13-44
70            android:windowSoftInputMode="adjustResize" />
70-->src\main\AndroidManifest.xml:53:13-55
71
72        <!-- Chat Activity (Topic Room) -->
73        <activity
73-->src\main\AndroidManifest.xml:56:9-60:58
74            android:name="com.anonymous.chat.ui.chat.ChatActivity"
74-->src\main\AndroidManifest.xml:57:13-49
75            android:exported="false"
75-->src\main\AndroidManifest.xml:58:13-37
76            android:launchMode="singleTop"
76-->src\main\AndroidManifest.xml:59:13-43
77            android:windowSoftInputMode="adjustResize" />
77-->src\main\AndroidManifest.xml:60:13-55
78
79        <!-- Post Detail Activity (Explore Post & Threaded Comments) -->
80        <activity
80-->src\main\AndroidManifest.xml:63:9-67:58
81            android:name="com.anonymous.chat.ui.post.PostDetailActivity"
81-->src\main\AndroidManifest.xml:64:13-55
82            android:exported="false"
82-->src\main\AndroidManifest.xml:65:13-37
83            android:launchMode="singleTop"
83-->src\main\AndroidManifest.xml:66:13-43
84            android:windowSoftInputMode="adjustResize" />
84-->src\main\AndroidManifest.xml:67:13-55
85
86        <!-- Patch Notes Activity -->
87        <activity
87-->src\main\AndroidManifest.xml:70:9-72:40
88            android:name="com.anonymous.chat.ui.patchnotes.PatchNotesActivity"
88-->src\main\AndroidManifest.xml:71:13-61
89            android:exported="false" />
89-->src\main\AndroidManifest.xml:72:13-37
90
91        <!-- Fullscreen Media Lightbox Viewer -->
92        <activity
92-->src\main\AndroidManifest.xml:75:9-79:58
93            android:name="com.anonymous.chat.ui.viewer.LightboxActivity"
93-->src\main\AndroidManifest.xml:76:13-55
94            android:configChanges="orientation|screenSize|screenLayout|keyboardHidden|smallestScreenSize"
94-->src\main\AndroidManifest.xml:78:13-106
95            android:exported="false"
95-->src\main\AndroidManifest.xml:77:13-37
96            android:theme="@style/Theme.AnonymousChat" />
96-->src\main\AndroidManifest.xml:79:13-55
97
98        <provider
98-->[androidx.emoji2:emoji2:1.3.0] AndroidManifest.xml:24:9-32:20
99            android:name="androidx.startup.InitializationProvider"
99-->[androidx.emoji2:emoji2:1.3.0] AndroidManifest.xml:25:13-67
100            android:authorities="com.anonymous.chat.androidx-startup"
100-->[androidx.emoji2:emoji2:1.3.0] AndroidManifest.xml:26:13-68
101            android:exported="false" >
101-->[androidx.emoji2:emoji2:1.3.0] AndroidManifest.xml:27:13-37
102            <meta-data
102-->[androidx.emoji2:emoji2:1.3.0] AndroidManifest.xml:29:13-31:52
103                android:name="androidx.emoji2.text.EmojiCompatInitializer"
103-->[androidx.emoji2:emoji2:1.3.0] AndroidManifest.xml:30:17-75
104                android:value="androidx.startup" />
104-->[androidx.emoji2:emoji2:1.3.0] AndroidManifest.xml:31:17-49
105            <meta-data
105-->[androidx.lifecycle:lifecycle-process:2.6.2] AndroidManifest.xml:29:13-31:52
106                android:name="androidx.lifecycle.ProcessLifecycleInitializer"
106-->[androidx.lifecycle:lifecycle-process:2.6.2] AndroidManifest.xml:30:17-78
107                android:value="androidx.startup" />
107-->[androidx.lifecycle:lifecycle-process:2.6.2] AndroidManifest.xml:31:17-49
108            <meta-data
108-->[androidx.profileinstaller:profileinstaller:1.4.0] AndroidManifest.xml:29:13-31:52
109                android:name="androidx.profileinstaller.ProfileInstallerInitializer"
109-->[androidx.profileinstaller:profileinstaller:1.4.0] AndroidManifest.xml:30:17-85
110                android:value="androidx.startup" />
110-->[androidx.profileinstaller:profileinstaller:1.4.0] AndroidManifest.xml:31:17-49
111        </provider>
112
113        <receiver
113-->[androidx.profileinstaller:profileinstaller:1.4.0] AndroidManifest.xml:34:9-52:20
114            android:name="androidx.profileinstaller.ProfileInstallReceiver"
114-->[androidx.profileinstaller:profileinstaller:1.4.0] AndroidManifest.xml:35:13-76
115            android:directBootAware="false"
115-->[androidx.profileinstaller:profileinstaller:1.4.0] AndroidManifest.xml:36:13-44
116            android:enabled="true"
116-->[androidx.profileinstaller:profileinstaller:1.4.0] AndroidManifest.xml:37:13-35
117            android:exported="true"
117-->[androidx.profileinstaller:profileinstaller:1.4.0] AndroidManifest.xml:38:13-36
118            android:permission="android.permission.DUMP" >
118-->[androidx.profileinstaller:profileinstaller:1.4.0] AndroidManifest.xml:39:13-57
119            <intent-filter>
119-->[androidx.profileinstaller:profileinstaller:1.4.0] AndroidManifest.xml:40:13-42:29
120                <action android:name="androidx.profileinstaller.action.INSTALL_PROFILE" />
120-->[androidx.profileinstaller:profileinstaller:1.4.0] AndroidManifest.xml:41:17-91
120-->[androidx.profileinstaller:profileinstaller:1.4.0] AndroidManifest.xml:41:25-88
121            </intent-filter>
122            <intent-filter>
122-->[androidx.profileinstaller:profileinstaller:1.4.0] AndroidManifest.xml:43:13-45:29
123                <action android:name="androidx.profileinstaller.action.SKIP_FILE" />
123-->[androidx.profileinstaller:profileinstaller:1.4.0] AndroidManifest.xml:44:17-85
123-->[androidx.profileinstaller:profileinstaller:1.4.0] AndroidManifest.xml:44:25-82
124            </intent-filter>
125            <intent-filter>
125-->[androidx.profileinstaller:profileinstaller:1.4.0] AndroidManifest.xml:46:13-48:29
126                <action android:name="androidx.profileinstaller.action.SAVE_PROFILE" />
126-->[androidx.profileinstaller:profileinstaller:1.4.0] AndroidManifest.xml:47:17-88
126-->[androidx.profileinstaller:profileinstaller:1.4.0] AndroidManifest.xml:47:25-85
127            </intent-filter>
128            <intent-filter>
128-->[androidx.profileinstaller:profileinstaller:1.4.0] AndroidManifest.xml:49:13-51:29
129                <action android:name="androidx.profileinstaller.action.BENCHMARK_OPERATION" />
129-->[androidx.profileinstaller:profileinstaller:1.4.0] AndroidManifest.xml:50:17-95
129-->[androidx.profileinstaller:profileinstaller:1.4.0] AndroidManifest.xml:50:25-92
130            </intent-filter>
131        </receiver>
132    </application>
133
134</manifest>